1620207416946	geckodriver	INFO	Listening on 127.0.0.1:61549
1620207419976	mozrunner::runner	INFO	Running command: "C:\\Program Files\\Mozilla Firefox\\firefox.exe" "--marionette" "-foreground" "-no-remote" "-profile" "C:\\Users\\ADMINI~1\\AppData\\Local\\Temp\\rust_mozprofile4QRVEk"
1620207420343	Marionette	INFO	Marionette enabled
console.warn: SearchSettings: "get: No settings file exists, new profile?" (new Error("", "(unknown module)"))
1620207422370	Marionette	INFO	Listening on port 61559
1620207422603	Marionette	WARN	TLS certificate errors will be ignored for this session
1620207423714	Marionette	INFO	Stopped listening on port 61559

###!!! [Child][RunMessage] Error: Channel closing: too late to send/recv, messages will be lost

1620207429108	geckodriver	INFO	Listening on 127.0.0.1:61614
1620207432126	mozrunner::runner	INFO	Running command: "C:\\Program Files\\Mozilla Firefox\\firefox.exe" "--marionette" "-foreground" "-no-remote" "-profile" "C:\\Users\\ADMINI~1\\AppData\\Local\\Temp\\rust_mozprofileOkxM7P"
1620207432529	Marionette	INFO	Marionette enabled
console.warn: SearchSettings: "get: No settings file exists, new profile?" (new Error("", "(unknown module)"))
1620207434391	Marionette	INFO	Listening on port 61624
1620207434759	Marionette	WARN	TLS certificate errors will be ignored for this session
JavaScript warning: , line 0: WebGL warning: linkProgram: Must have a compiled vertex shader attached.
JavaScript warning: , line 0: WebGL warning: useProgram: Program must be linked successfully.
JavaScript warning: , line 0: WebGL warning: vertexAttribI?Pointer: `index` (4294967295) must be < MAX_VERTEX_ATTRIBS.
JavaScript warning: , line 0: WebGL warning: uniform setter: No active linked Program.
JavaScript warning: , line 0: WebGL warning: drawArraysInstanced: The current program is not linked.
1620207455803	Marionette	INFO	Stopped listening on port 61624

###!!! [Child][RunMessage] Error: Channel closing: too late to send/recv, messages will be lost

