1620538272258	geckodriver	INFO	Listening on 127.0.0.1:52520
1620538275289	mozrunner::runner	INFO	Running command: "C:\\Program Files\\Mozilla Firefox\\firefox.exe" "--marionette" "-foreground" "-no-remote" "-profile" "C:\\Users\\ADMINI~1\\AppData\\Local\\Temp\\rust_mozprofilezDHv2U"
1620538275710	Marionette	INFO	Marionette enabled
console.warn: SearchSettings: "get: No settings file exists, new profile?" (new Error("", "(unknown module)"))
1620538277977	Marionette	INFO	Listening on port 52533
1620538278413	Marionette	WARN	TLS certificate errors will be ignored for this session
1620538283455	Marionette	INFO	Stopped listening on port 52533

###!!! [Child][RunMessage] Error: Channel closing: too late to send/recv, messages will be lost

1620538322403	geckodriver	INFO	Listening on 127.0.0.1:52656
1620538325420	mozrunner::runner	INFO	Running command: "C:\\Program Files\\Mozilla Firefox\\firefox.exe" "--marionette" "-foreground" "-no-remote" "-profile" "C:\\Users\\ADMINI~1\\AppData\\Local\\Temp\\rust_mozprofileHehvCK"
1620538325767	Marionette	INFO	Marionette enabled
console.warn: SearchSettings: "get: No settings file exists, new profile?" (new Error("", "(unknown module)"))
1620538327680	Marionette	INFO	Listening on port 52669
1620538328042	Marionette	WARN	TLS certificate errors will be ignored for this session
console.error: services.settings: 
  pinning/pins Signature failed  TypeError: NetworkError when attempting to fetch resource.
console.error: services.settings: 
  Message: TypeError: NetworkError when attempting to fetch resource.
JavaScript error: resource://gre/actors/AutoCompleteChild.jsm, line 125: Error: Invalid autocomplete selectedIndex
JavaScript error: resource://gre/actors/AutoCompleteChild.jsm, line 125: Error: Invalid autocomplete selectedIndex
JavaScript error: resource://gre/actors/AutoCompleteChild.jsm, line 125: Error: Invalid autocomplete selectedIndex
JavaScript warning: resource://devtools/client/shared/demangle.js, line 0: Successfully compiled asm.js code (total compilation time 67ms)
JavaScript warning: , line 0: WebGL warning: linkProgram: Must have a compiled vertex shader attached.
JavaScript warning: , line 0: WebGL warning: useProgram: Program must be linked successfully.
JavaScript warning: , line 0: WebGL warning: vertexAttribI?Pointer: `index` (4294967295) must be < MAX_VERTEX_ATTRIBS.
JavaScript warning: , line 0: WebGL warning: uniform setter: No active linked Program.
JavaScript warning: , line 0: WebGL warning: drawArraysInstanced: The current program is not linked.
1620551687893	Marionette	INFO	Stopped listening on port 52669
te errors will be ignored for this session
1620538580504	Marionette	INFO	Stopped listening on port 53336

###!!! [Child][RunMessage] Error: Channel closing: too late to send/recv, messages will be lost

1620538644590	geckodriver	INFO	Listening on 127.0.0.1:53596
1620538647619	mozrunner::runner	INFO	Running command: "C:\\Program Files\\Mozilla Firefox\\firefox.exe" "--marionette" "-foreground" "-no-remote" "-profile" "C:\\Users\\ADMINI~1\\AppData\\Local\\Temp\\rust_mozprofilecV8qva"
1620538647968	Marionette	INFO	Marionette enabled
console.warn: SearchSettings: "get: No settings file exists, new profile?" (new Error("", "(unknown module)"))
1620538650060	Marionette	INFO	Listening on port 53609
1620538650237	Marionette	WARN	TLS certificate errors will be ignored for this session
1620538886600	Marionette	INFO	Stopped listening on port 53609

###!!! [Child][RunMessage] Error: Channel closing: too late to send/recv, messages will be lost

1620539024062	geckodriver	INFO	Listening on 127.0.0.1:53924
1620539027080	mozrunner::runner	INFO	Running command: "C:\\Program Files\\Mozilla Firefox\\firefox.exe" "--marionette" "-foreground" "-no-remote" "-profile" "C:\\Users\\ADMINI~1\\AppData\\Local\\Temp\\rust_mozprofilepGPCgX"
1620539027418	Marionette	INFO	Marionette enabled
console.warn: SearchSettings: "get: No settings file exists, new profile?" (new Error("", "(unknown module)"))
1620539029352	Marionette	INFO	Listening on port 53932
1620539029700	Marionette	WARN	TLS certificate errors will be ignored for this session
1620539341587	Marionette	INFO	Stopped listening on port 53932

###!!! [Child][RunMessage] Error: Channel closing: too late to send/recv, messages will be lost

1620539391715	geckodriver	INFO	Listening on 127.0.0.1:54540
1620539394743	mozrunner::runner	INFO	Running command: "C:\\Program Files\\Mozilla Firefox\\firefox.exe" "--marionette" "-foreground" "-no-remote" "-profile" "C:\\Users\\ADMINI~1\\AppData\\Local\\Temp\\rust_mozprofilea8R9Ax"
1620539395082	Marionette	INFO	Marionette enabled
console.warn: SearchSettings: "get: No settings file exists, new profile?" (new Error("", "(unknown module)"))
1620539397086	Marionette	INFO	Listening on port 54553
1620539397361	Marionette	WARN	TLS certificate errors will be ignored for this session
1620539642031	Marionette	INFO	Stopped listening on port 54553

###!!! [Child][RunMessage] Error: Channel closing: too late to send/recv, messages will be lost

1620539834135	geckodriver	INFO	Listening on 127.0.0.1:55459
1620539837173	mozrunner::runner	INFO	Running command: "C:\\Program Files\\Mozilla Firefox\\firefox.exe" "--marionette" "-foreground" "-no-remote" "-profile" "C:\\Users\\ADMINI~1\\AppData\\Local\\Temp\\rust_mozprofileKkDYkQ"
1620539837536	Marionette	INFO	Marionette enabled
console.warn: SearchSettings: "get: No settings file exists, new profile?" (new Error("", "(unknown module)"))
1620539839594	Marionette	INFO	Listening on port 55472
1620539839792	Marionette	WARN	TLS certificate errors will be ignored for this session
1620539889984	Marionette	INFO	Stopped listening on port 55472

###!!! [Child][RunMessage] Error: Channel closing: too late to send/recv, messages will be lost

"--marionette" "-foreground" "-no-remote" "-profile" "C:\\Users\\ADMINI~1\\AppData\\Local\\Temp\\rust_mozprofileNpI5pU"
1620539872769	Marionette	INFO	Marionette enabled
console.warn: SearchSettings: "get: No settings file exists, new profile?" (new Error("", "(unknown module)"))
1620539874842	Marionette	INFO	Listening on port 55622
1620539875035	Marionette	WARN	TLS certificate errors will be ignored for this session
1620539886324	Marionette	INFO	Stopped listening on port 55622

###!!! [Child][RunMessage] Error: Channel closing: too late to send/recv, messages will be lost

1620540963342	geckodriver	INFO	Listening on 127.0.0.1:57951
1620540966346	mozrunner::runner	INFO	Running command: "C:\\Program Files\\Mozilla Firefox\\firefox.exe" "--marionette" "-foreground" "-no-remote" "-profile" "C:\\Users\\ADMINI~1\\AppData\\Local\\Temp\\rust_mozprofile2aOFqm"
1620540966697	Marionette	INFO	Marionette enabled
console.warn: SearchSettings: "get: No settings file exists, new profile?" (new Error("", "(unknown module)"))
1620540968807	Marionette	INFO	Listening on port 57965
1620540968969	Marionette	WARN	TLS certificate errors will be ignored for this session
console.error: services.settings: 
  main/message-groups Signature failed  TypeError: NetworkError when attempting to fetch resource.
console.error: services.settings: 
  main/fxmonitor-breaches Signature failed  TypeError: NetworkError when attempting to fetch resource.
console.error: services.settings: 
  main/partitioning-exempt-urls Signature failed  TypeError: NetworkError when attempting to fetch resource.
1620541003365	Marionette	INFO	Stopped listening on port 57965

###!!! [Child][RunMessage] Error: Channel closing: too late to send/recv, messages will be lost

1620541049267	geckodriver	INFO	Listening on 127.0.0.1:58194
1620541052295	mozrunner::runner	INFO	Running command: "C:\\Program Files\\Mozilla Firefox\\firefox.exe" "--marionette" "-foreground" "-no-remote" "-profile" "C:\\Users\\ADMINI~1\\AppData\\Local\\Temp\\rust_mozprofile6mbUuR"
1620541052645	Marionette	INFO	Marionette enabled
console.warn: SearchSettings: "get: No settings file exists, new profile?" (new Error("", "(unknown module)"))
1620541054707	Marionette	INFO	Listening on port 58208
1620541054917	Marionette	WARN	TLS certificate errors will be ignored for this session
1620541166010	Marionette	INFO	Stopped listening on port 58208

###!!! [Child][RunMessage] Error: Channel closing: too late to send/recv, messages will be lost

1620541330012	geckodriver	INFO	Listening on 127.0.0.1:58804
1620541333030	mozrunner::runner	INFO	Running command: "C:\\Program Files\\Mozilla Firefox\\firefox.exe" "--marionette" "-foreground" "-no-remote" "-profile" "C:\\Users\\ADMINI~1\\AppData\\Local\\Temp\\rust_mozprofileQKurmg"
1620541333366	Marionette	INFO	Marionette enabled
console.warn: SearchSettings: "get: No settings file exists, new profile?" (new Error("", "(unknown module)"))
1620541335327	Marionette	INFO	Listening on port 58818
1620541335648	Marionette	WARN	TLS certificate errors will be ignored for this session
1620541424718	Marionette	INFO	Stopped listening on port 58818

###!!! [Child][RunMessage] Error: Channel closing: too late to send/recv, messages will be lost

1620541537022	geckodriver	INFO	Listening on 127.0.0.1:59290
1620541540041	mozrunner::runner	INFO	Running command: "C:\\Program Files\\Mozilla Firefox\\firefox.exe" "--marionette" "-foreground" "-no-remote" "-profile" "C:\\Users\\ADMINI~1\\AppData\\Local\\Temp\\rust_mozprofileHJuQBj"
1620541540390	Marionette	INFO	Marionette enabled
console.warn: SearchSettings: "get: No settings file exists, new profile?" (new Error("", "(unknown module)"))
1620541542436	Marionette	INFO	Listening on port 59306
1620541542663	Marionette	WARN	TLS certificate errors will be ignored for this session
1620541628453	Marionette	INFO	Stopped listening on port 59306

###!!! [Child][RunMessage] Error: Channel closing: too late to send/recv, messages will be lost

"--marionette" "-foreground" "-no-remote" "-profile" "C:\\Users\\ADMINI~1\\AppData\\Local\\Temp\\rust_mozprofileUV7Phu"
1620541574843	Marionette	INFO	Marionette enabled
console.warn: SearchSettings: "get: No settings file exists, new profile?" (new Error("", "(unknown module)"))
1620541576955	Marionette	INFO	Listening on port 59449
1620541577116	Marionette	WARN	TLS certificate errors will be ignored for this session
1620541625185	Marionette	INFO	Stopped listening on port 59449

###!!! [Child][RunMessage] Error: Channel closing: too late to send/recv, messages will be lost

1620542139461	geckodriver	INFO	Listening on 127.0.0.1:60601
1620542142491	mozrunner::runner	INFO	Running command: "C:\\Program Files\\Mozilla Firefox\\firefox.exe" "--marionette" "-foreground" "-no-remote" "-profile" "C:\\Users\\ADMINI~1\\AppData\\Local\\Temp\\rust_mozprofiletcOs9M"
1620542142835	Marionette	INFO	Marionette enabled
console.warn: SearchSettings: "get: No settings file exists, new profile?" (new Error("", "(unknown module)"))
1620542144877	Marionette	INFO	Listening on port 60616
1620542145116	Marionette	WARN	TLS certificate errors will be ignored for this session
1620542158739	Marionette	INFO	Stopped listening on port 60616

###!!! [Child][RunMessage] Error: Channel closing: too late to send/recv, messages will be lost

1620542416214	geckodriver	INFO	Listening on 127.0.0.1:61296
1620542419243	mozrunner::runner	INFO	Running command: "C:\\Program Files\\Mozilla Firefox\\firefox.exe" "--marionette" "-foreground" "-no-remote" "-profile" "C:\\Users\\ADMINI~1\\AppData\\Local\\Temp\\rust_mozprofileGksYVQ"
1620542419588	Marionette	INFO	Marionette enabled
console.warn: SearchSettings: "get: No settings file exists, new profile?" (new Error("", "(unknown module)"))
1620542421705	Marionette	INFO	Listening on port 61308
1620542421874	Marionette	WARN	TLS certificate errors will be ignored for this session
1620542426213	Marionette	INFO	Stopped listening on port 61308

###!!! [Child][RunMessage] Error: Channel closing: too late to send/recv, messages will be lost

1620542451594	geckodriver	INFO	Listening on 127.0.0.1:61428
1620542454622	mozrunner::runner	INFO	Running command: "C:\\Program Files\\Mozilla Firefox\\firefox.exe" "--marionette" "-foreground" "-no-remote" "-profile" "C:\\Users\\ADMINI~1\\AppData\\Local\\Temp\\rust_mozprofileerosZq"
1620542454957	Marionette	INFO	Marionette enabled
console.warn: SearchSettings: "get: No settings file exists, new profile?" (new Error("", "(unknown module)"))
1620542456857	Marionette	INFO	Listening on port 61441
1620542457243	Marionette	WARN	TLS certificate errors will be ignored for this session
1620542466342	Marionette	INFO	Stopped listening on port 61441
1620543984317	geckodriver	INFO	Listening on 127.0.0.1:64575
1620543987354	mozrunner::runner	INFO	Running command: "C:\\Program Files\\Mozilla Firefox\\firefox.exe" "--marionette" "-foreground" "-no-remote" "-profile" "C:\\Users\\ADMINI~1\\AppData\\Local\\Temp\\rust_mozprofileoLfUWJ"
1620543987703	Marionette	INFO	Marionette enabled
console.warn: SearchSettings: "get: No settings file exists, new profile?" (new Error("", "(unknown module)"))
1620543989889	Marionette	INFO	Listening on port 64590
1620543989982	Marionette	WARN	TLS certificate errors will be ignored for this session
console.error: services.settings: 
  main/message-groups Signature failed  TypeError: NetworkError when attempting to fetch resource.
console.error: services.settings: 
  main/fxmonitor-breaches Signature failed  TypeError: NetworkError when attempting to fetch resource.
console.error: services.settings: 
  main/partitioning-exempt-urls Signature failed  TypeError: NetworkError when attempting to fetch resource.
1620544023628	Marionette	INFO	Stopped listening on port 64590

###!!! [Child][RunMessage] Error: Channel closing: too late to send/recv, messages will be lost

1620544170466	geckodriver	INFO	Listening on 127.0.0.1:65020
1620544173503	mozrunner::runner	INFO	Running command: "C:\\Program Files\\Mozilla Firefox\\firefox.exe" "--marionette" "-foreground" "-no-remote" "-profile" "C:\\Users\\ADMINI~1\\AppData\\Local\\Temp\\rust_mozprofileIZ0Izk"
1620544173860	Marionette	INFO	Marionette enabled
console.warn: SearchSettings: "get: No settings file exists, new profile?" (new Error("", "(unknown module)"))
1620544175965	Marionette	INFO	Listening on port 65034
1620544176139	Marionette	WARN	TLS certificate errors will be ignored for this session
console.error: services.settings: 
  main/message-groups Signature failed  TypeError: NetworkError when attempting to fetch resource.
console.error: services.settings: 
  main/fxmonitor-breaches Signature failed  TypeError: NetworkError when attempting to fetch resource.
console.error: services.settings: 
  main/partitioning-exempt-urls Signature failed  TypeError: NetworkError when attempting to fetch resource.
1620544254092	Marionette	INFO	Stopped listening on port 65034

###!!! [Child][RunMessage] Error: Channel closing: too late to send/recv, messages will be lost

1620547244672	geckodriver	INFO	Listening on 127.0.0.1:54783
1620547247702	mozrunner::runner	INFO	Running command: "C:\\Program Files\\Mozilla Firefox\\firefox.exe" "--marionette" "-foreground" "-no-remote" "-profile" "C:\\Users\\ADMINI~1\\AppData\\Local\\Temp\\rust_mozprofileRBVcOT"
1620547248044	Marionette	INFO	Marionette enabled
console.warn: SearchSettings: "get: No settings file exists, new profile?" (new Error("", "(unknown module)"))
1620547250002	Marionette	INFO	Listening on port 54797
1620547250326	Marionette	WARN	TLS certificate errors will be ignored for this session
1620547270792	Marionette	INFO	Stopped listening on port 54797

###!!! [Child][RunMessage] Error: Channel closing: too late to send/recv, messages will be lost

1620547883533	geckodriver	INFO	Listening on 127.0.0.1:55964
1620547886548	mozrunner::runner	INFO	Running command: "C:\\Program Files\\Mozilla Firefox\\firefox.exe" "--marionette" "-foreground" "-no-remote" "-profile" "C:\\Users\\ADMINI~1\\AppData\\Local\\Temp\\rust_mozprofileNBQKbg"
1620547886905	Marionette	INFO	Marionette enabled
console.warn: SearchSettings: "get: No settings file exists, new profile?" (new Error("", "(unknown module)"))
1620547888964	Marionette	INFO	Listening on port 55977
1620547889171	Marionette	WARN	TLS certificate errors will be ignored for this session
1620547943722	Marionette	INFO	Stopped listening on port 55977
1620548037767	geckodriver	INFO	Listening on 127.0.0.1:56351
1620548040795	mozrunner::runner	INFO	Running command: "C:\\Program Files\\Mozilla Firefox\\firefox.exe" "--marionette" "-foreground" "-no-remote" "-profile" "C:\\Users\\ADMINI~1\\AppData\\Local\\Temp\\rust_mozprofileBLEaNR"
1620548041129	Marionette	INFO	Marionette enabled
console.warn: SearchSettings: "get: No settings file exists, new profile?" (new Error("", "(unknown module)"))
1620548043098	Marionette	INFO	Listening on port 56364
1620548043414	Marionette	WARN	TLS certificate errors will be ignored for this session
1620548110140	Marionette	INFO	Stopped listening on port 56364

###!!! [Child][RunMessage] Error: Channel closing: too late to send/recv, messages will be lost

1620548150424	geckodriver	INFO	Listening on 127.0.0.1:56636
1620548153444	mozrunner::runner	INFO	Running command: "C:\\Program Files\\Mozilla Firefox\\firefox.exe" "--marionette" "-foreground" "-no-remote" "-profile" "C:\\Users\\ADMINI~1\\AppData\\Local\\Temp\\rust_mozprofileFQIQ5G"
1620548153787	Marionette	INFO	Marionette enabled
console.warn: SearchSettings: "get: No settings file exists, new profile?" (new Error("", "(unknown module)"))
1620548155805	Marionette	INFO	Listening on port 56649
1620548156066	Marionette	WARN	TLS certificate errors will be ignored for this session
1620548180224	Marionette	INFO	Stopped listening on port 56649

###!!! [Child][RunMessage] Error: Channel closing: too late to send/recv, messages will be lost

1620576566106	geckodriver	INFO	Listening on 127.0.0.1:65084
1620576569140	mozrunner::runner	INFO	Running command: "C:\\Program Files\\Mozilla Firefox\\firefox.exe" "--marionette" "-foreground" "-no-remote" "-profile" "C:\\Users\\ADMINI~1\\AppData\\Local\\Temp\\rust_mozprofile2zR8I3"
1620576569876	Marionette	INFO	Marionette enabled
console.warn: SearchSettings: "get: No settings file exists, new profile?" (new Error("", "(unknown module)"))
1620576572199	Marionette	INFO	Listening on port 65099
1620576572289	Marionette	WARN	TLS certificate errors will be ignored for this session
1620576699957	Marionette	INFO	Stopped listening on port 65099

###!!! [Child][RunMessage] Error: Channel closing: too late to send/recv, messages will be lost

"--marionette" "-foreground" "-no-remote" "-profile" "C:\\Users\\ADMINI~1\\AppData\\Local\\Temp\\rust_mozprofile7lAUc0"
1620576644410	Marionette	INFO	Marionette enabled
console.warn: SearchSettings: "get: No settings file exists, new profile?" (new Error("", "(unknown module)"))
1620576646531	Marionette	INFO	Listening on port 65346
1620576646697	Marionette	WARN	TLS certificate errors will be ignored for this session
1620576695735	Marionette	INFO	Stopped listening on port 65346

###!!! [Child][RunMessage] Error: Channel closing: too late to send/recv, messages will be lost

"--marionette" "-foreground" "-no-remote" "-profile" "C:\\Users\\ADMINI~1\\AppData\\Local\\Temp\\rust_mozprofileRskflR"
1620576682646	Marionette	INFO	Marionette enabled
console.warn: SearchSettings: "get: No settings file exists, new profile?" (new Error("", "(unknown module)"))
1620576684585	Marionette	INFO	Listening on port 65471
1620576684933	Marionette	WARN	TLS certificate errors will be ignored for this session
1620576692257	Marionette	INFO	Stopped listening on port 65471

###!!! [Child][RunMessage] Error: Channel closing: too late to send/recv, messages will be lost

1620576867376	geckodriver	INFO	Listening on 127.0.0.1:49624
1620576870383	mozrunner::runner	INFO	Running command: "C:\\Program Files\\Mozilla Firefox\\firefox.exe" "--marionette" "-foreground" "-no-remote" "-profile" "C:\\Users\\ADMINI~1\\AppData\\Local\\Temp\\rust_mozprofile1hUSZr"
1620576870730	Marionette	INFO	Marionette enabled
console.warn: SearchSettings: "get: No settings file exists, new profile?" (new Error("", "(unknown module)"))
1620576872706	Marionette	INFO	Listening on port 49636
1620576873002	Marionette	WARN	TLS certificate errors will be ignored for this session
1620577047314	Marionette	INFO	Stopped listening on port 49636

###!!! [Child][RunMessage] Error: Channel closing: too late to send/recv, messages will be lost

"--marionette" "-foreground" "-no-remote" "-profile" "C:\\Users\\ADMINI~1\\AppData\\Local\\Temp\\rust_mozprofileIoy16q"
1620576892848	Marionette	INFO	Marionette enabled
console.warn: SearchSettings: "get: No settings file exists, new profile?" (new Error("", "(unknown module)"))
1620576894845	Marionette	INFO	Listening on port 49793
1620576895131	Marionette	WARN	TLS certificate errors will be ignored for this session
console.error: Region.jsm: "Error fetching region" (new Error("TIMEOUT", "resource://gre/modules/Region.jsm", 772))
console.error: Region.jsm: "Failed to fetch region" (new Error("TIMEOUT", "resource://gre/modules/Region.jsm", 419))
1620577048384	Marionette	INFO	Stopped listening on port 49793

###!!! [Child][RunMessage] Error: Channel closing: too late to send/recv, messages will be lost

"--marionette" "-foreground" "-no-remote" "-profile" "C:\\Users\\ADMINI~1\\AppData\\Local\\Temp\\rust_mozprofileGlKYS9"
1620576993084	Marionette	INFO	Marionette enabled
console.warn: SearchSettings: "get: No settings file exists, new profile?" (new Error("", "(unknown module)"))
1620576995246	Marionette	INFO	Listening on port 50201
1620576995339	Marionette	WARN	TLS certificate errors will be ignored for this session
JavaScript warning: https://tb.53kf.com/code/code/d2abbdb2d6a875420ed7ab20394108a8/1, line 441: unreachable code after return statement
JavaScript warning: https://tb.53kf.com/code/code/d2abbdb2d6a875420ed7ab20394108a8/1, line 448: unreachable code after return statement
JavaScript error: , line 0: NotAllowedError: The play method is not allowed by the user agent or the platform in the current context, possibly because the user denied permission.
JavaScript error: , line 0: NotAllowedError: The play method is not allowed by the user agent or the platform in the current context, possibly because the user denied permission.
1620577042505	Marionette	INFO	Stopped listening on port 50201

###!!! [Child][RunMessage] Error: Channel closing: too late to send/recv, messages will be lost

1620577148923	geckodriver	INFO	Listening on 127.0.0.1:50750
1620577151929	mozrunner::runner	INFO	Running command: "C:\\Program Files\\Mozilla Firefox\\firefox.exe" "--marionette" "-foreground" "-no-remote" "-profile" "C:\\Users\\ADMINI~1\\AppData\\Local\\Temp\\rust_mozprofileznYRup"
1620577152296	Marionette	INFO	Marionette enabled
console.warn: SearchSettings: "get: No settings file exists, new profile?" (new Error("", "(unknown module)"))
1620577154238	Marionette	INFO	Listening on port 50764
1620577154555	Marionette	WARN	TLS certificate errors will be ignored for this session
JavaScript warning: https://tb.53kf.com/code/code/d2abbdb2d6a875420ed7ab20394108a8/1, line 441: unreachable code after return statement
JavaScript warning: https://tb.53kf.com/code/code/d2abbdb2d6a875420ed7ab20394108a8/1, line 448: unreachable code after return statement
1620577162689	Marionette	INFO	Stopped listening on port 50764

###!!! [Child][RunMessage] Error: Channel closing: too late to send/recv, messages will be lost

1620577237964	geckodriver	INFO	Listening on 127.0.0.1:51151
1620577240984	mozrunner::runner	INFO	Running command: "C:\\Program Files\\Mozilla Firefox\\firefox.exe" "--marionette" "-foreground" "-no-remote" "-profile" "C:\\Users\\ADMINI~1\\AppData\\Local\\Temp\\rust_mozprofileYCdL8p"
1620577241344	Marionette	INFO	Marionette enabled
console.warn: SearchSettings: "get: No settings file exists, new profile?" (new Error("", "(unknown module)"))
1620577243332	Marionette	INFO	Listening on port 51165
1620577243603	Marionette	WARN	TLS certificate errors will be ignored for this session
JavaScript warning: https://tb.53kf.com/code/code/d2abbdb2d6a875420ed7ab20394108a8/1, line 441: unreachable code after return statement
JavaScript warning: https://tb.53kf.com/code/code/d2abbdb2d6a875420ed7ab20394108a8/1, line 448: unreachable code after return statement
JavaScript error: , line 0: NotAllowedError: The play method is not allowed by the user agent or the platform in the current context, possibly because the user denied permission.
JavaScript error: , line 0: NotAllowedError: The play method is not allowed by the user agent or the platform in the current context, possibly because the user denied permission.
JavaScript error: , line 0: NotAllowedError: The play method is not allowed by the user agent or the platform in the current context, possibly because the user denied permission.
JavaScript error: , line 0: NotAllowedError: The play method is not allowed by the user agent or the platform in the current context, possibly because the user denied permission.
JavaScript error: resource://gre/modules/CrashManager.jsm, line 833: NotAllowedError: Shutting down and refusing additional I/O tasks
1620577298314	Marionette	INFO	Stopped listening on port 51165

###!!! [Child][RunMessage] Error: Channel closing: too late to send/recv, messages will be lost

er denied permission.
1620577301624	Marionette	INFO	Stopped listening on port 51386

###!!! [Child][RunMessage] Error: Channel closing: too late to send/recv, messages will be lost

1620577333244	geckodriver	INFO	Listening on 127.0.0.1:51679
1620577336283	mozrunner::runner	INFO	Running command: "C:\\Program Files\\Mozilla Firefox\\firefox.exe" "--marionette" "-foreground" "-no-remote" "-profile" "C:\\Users\\ADMINI~1\\AppData\\Local\\Temp\\rust_mozprofile1ouQ4f"
1620577336615	Marionette	INFO	Marionette enabled
console.warn: SearchSettings: "get: No settings file exists, new profile?" (new Error("", "(unknown module)"))
1620577338575	Marionette	INFO	Listening on port 51693
1620577338908	Marionette	WARN	TLS certificate errors will be ignored for this session
1620577343302	Marionette	WARN	TimedPromise timed out after 500 ms: stacktrace:
TimedPromise/<@chrome://marionette/content/sync.js:237:19
TimedPromise@chrome://marionette/content/sync.js:222:10
interaction.flushEventLoop@chrome://marionette/content/interaction.js:431:10
webdriverClickElement@chrome://marionette/content/interaction.js:179:31
JavaScript warning: https://tb.53kf.com/code/code/d2abbdb2d6a875420ed7ab20394108a8/1, line 441: unreachable code after return statement
JavaScript warning: https://tb.53kf.com/code/code/d2abbdb2d6a875420ed7ab20394108a8/1, line 448: unreachable code after return statement
JavaScript error: , line 0: NotAllowedError: The play method is not allowed by the user agent or the platform in the current context, possibly because the user denied permission.

###!!! [Child][MessageChannel] Error: (msgtype=0x6B0027,name=PNecko::Msg_RemoveRequestContext) Channel closing: too late to send/recv, messages will be lost


###!!! [Child][RunMessage] Error: Channel closing: too late to send/recv, messages will be lost


###!!! [Child][RunMessage] Error: Channel closing: too late to send/recv, messages will be lost


###!!! [Child][RunMessage] Error: Channel closing: too late to send/recv, messages will be lost


###!!! [Child][RunMessage] Error: Channel closing: too late to send/recv, messages will be lost


###!!! [Child][RunMessage] Error: Channel closing: too late to send/recv, messages will be lost

1620577351701	Marionette	INFO	Stopped listening on port 51693

###!!! [Child][RunMessage] Error: Channel closing: too late to send/recv, messages will be lost

1620577379601	geckodriver	INFO	Listening on 127.0.0.1:51922
1620577382609	mozrunner::runner	INFO	Running command: "C:\\Program Files\\Mozilla Firefox\\firefox.exe" "--marionette" "-foreground" "-no-remote" "-profile" "C:\\Users\\ADMINI~1\\AppData\\Local\\Temp\\rust_mozprofilezzPuKA"
1620577382946	Marionette	INFO	Marionette enabled
console.warn: SearchSettings: "get: No settings file exists, new profile?" (new Error("", "(unknown module)"))
1620577384948	Marionette	INFO	Listening on port 51932
1620577385227	Marionette	WARN	TLS certificate errors will be ignored for this session
1620577432560	Marionette	INFO	Stopped listening on port 51932

###!!! [Child][RunMessage] Error: Channel closing: too late to send/recv, messages will be lost

"--marionette" "-foreground" "-no-remote" "-profile" "C:\\Users\\ADMINI~1\\AppData\\Local\\Temp\\rust_mozprofileTNecfD"
1620577419569	Marionette	INFO	Marionette enabled
console.warn: SearchSettings: "get: No settings file exists, new profile?" (new Error("", "(unknown module)"))
1620577421614	Marionette	INFO	Listening on port 52143
1620577421808	Marionette	WARN	TLS certificate errors will be ignored for this session
JavaScript warning: https://tb.53kf.com/code/code/d2abbdb2d6a875420ed7ab20394108a8/1, line 441: unreachable code after return statement
JavaScript warning: https://tb.53kf.com/code/code/d2abbdb2d6a875420ed7ab20394108a8/1, line 448: unreachable code after return statement
1620577511157	Marionette	INFO	Stopped listening on port 52143

###!!! [Child][RunMessage] Error: Channel closing: too late to send/recv, messages will be lost

"--marionette" "-foreground" "-no-remote" "-profile" "C:\\Users\\ADMINI~1\\AppData\\Local\\Temp\\rust_mozprofilegTsFeL"
1620577498638	Marionette	INFO	Marionette enabled
console.warn: SearchSettings: "get: No settings file exists, new profile?" (new Error("", "(unknown module)"))
1620577500730	Marionette	INFO	Listening on port 52431
1620577500922	Marionette	WARN	TLS certificate errors will be ignored for this session
console.error: services.settings: 
  main/message-groups Signature failed  TypeError: NetworkError when attempting to fetch resource.
[Parent 15092, IPC I/O Parent] WARNING: file /builds/worker/checkouts/gecko/ipc/chromium/src/base/process_util_win.cc:167
1620577501943	Marionette	INFO	Stopped listening on port 52431

###!!! [Child][RunMessage] Error: Channel closing: too late to send/recv, messages will be lost

1620577507276	geckodriver	INFO	Listening on 127.0.0.1:52485
1620577510284	mozrunner::runner	INFO	Running command: "C:\\Program Files\\Mozilla Firefox\\firefox.exe" "--marionette" "-foreground" "-no-remote" "-profile" "C:\\Users\\ADMINI~1\\AppData\\Local\\Temp\\rust_mozprofiledzEkys"
1620577510628	Marionette	INFO	Marionette enabled
console.warn: SearchSettings: "get: No settings file exists, new profile?" (new Error("", "(unknown module)"))
1620577513193	Marionette	INFO	Listening on port 52496
1620577513420	Marionette	WARN	TLS certificate errors will be ignored for this session
JavaScript warning: https://tb.53kf.com/code/code/d2abbdb2d6a875420ed7ab20394108a8/1, line 441: unreachable code after return statement
JavaScript warning: https://tb.53kf.com/code/code/d2abbdb2d6a875420ed7ab20394108a8/1, line 448: unreachable code after return statement
JavaScript error: , line 0: NotAllowedError: The play method is not allowed by the user agent or the platform in the current context, possibly because the user denied permission.
JavaScript error: , line 0: NotAllowedError: The play method is not allowed by the user agent or the platform in the current context, possibly because the user denied permission.
JavaScript error: , line 0: NotAllowedError: The play method is not allowed by the user agent or the platform in the current context, possibly because the user denied permission.
JavaScript error: , line 0: NotAllowedError: The play method is not allowed by the user agent or the platform in the current context, possibly because the user denied permission.
JavaScript error: , line 0: NotAllowedError: The play method is not allowed by the user agent or the platform in the current context, possibly because the user denied permission.
1620577841274	Marionette	INFO	Stopped listening on port 52496

###!!! [Child][RunMessage] Error: Channel closing: too late to send/recv, messages will be lost

ne 0: NotAllowedError: The play method is not allowed by the user agent or the platform in the current context, possibly because the user denied permission.
JavaScript error: , line 0: NotAllowedError: The play method is not allowed by the user agent or the platform in the current context, possibly because the user denied permission.
JavaScript error: , line 0: NotAllowedError: The play method is not allowed by the user agent or the platform in the current context, possibly because the user denied permission.
JavaScript error: , line 0: NotAllowedError: The play method is not allowed by the user agent or the platform in the current context, possibly because the user denied permission.
JavaScript error: , line 0: NotAllowedError: The play method is not allowed by the user agent or the platform in the current context, possibly because the user denied permission.
JavaScript error: , line 0: NotAllowedError: The play method is not allowed by the user agent or the platform in the current context, possibly because the user denied permission.
JavaScript error: , line 0: NotAllowedError: The play method is not allowed by the user agent or the platform in the current context, possibly because the user denied permission.
1620577838510	Marionette	INFO	Stopped listening on port 52669

###!!! [Child][RunMessage] Error: Channel closing: too late to send/recv, messages will be lost

ne 0: NotAllowedError: The play method is not allowed by the user agent or the platform in the current context, possibly because the user denied permission.
JavaScript error: , line 0: NotAllowedError: The play method is not allowed by the user agent or the platform in the current context, possibly because the user denied permission.
JavaScript error: , line 0: NotAllowedError: The play method is not allowed by the user agent or the platform in the current context, possibly because the user denied permission.
JavaScript error: , line 0: NotAllowedError: The play method is not allowed by the user agent or the platform in the current context, possibly because the user denied permission.
JavaScript error: , line 0: NotAllowedError: The play method is not allowed by the user agent or the platform in the current context, possibly because the user denied permission.
1620577834014	Marionette	INFO	Stopped listening on port 52842

###!!! [Child][RunMessage] Error: Channel closing: too late to send/recv, messages will be lost

